[08-Jun-2025 15:34:43 Europe/Berlin] API Request: /RongVang/api/register
[08-Jun-2025 15:34:43 Europe/Berlin] POST data: Array
(
    [student_name] => dung
    [nick_name] => bé
    [age] => 2
    [parent_name] => ád
    [phone] => 0839993935
    [address] => 1999
    [content] => sadsda
)

[08-Jun-2025 15:34:43 Europe/Berlin] Database connection successful
[08-Jun-2025 15:34:43 Europe/Berlin] Mailer initialized successfully
[08-Jun-2025 15:34:43 Europe/Berlin] Received POST data: Array
(
    [student_name] => dung
    [nick_name] => bé
    [age] => 2
    [parent_name] => ád
    [phone] => 0839993935
    [address] => 1999
    [content] => sadsda
)

[08-Jun-2025 15:34:43 Europe/Berlin] Preparing to send registration notification email
[08-Jun-2025 15:34:47 Europe/Berlin] Send Email Error: SMTP Error: Could not authenticate.
[08-Jun-2025 15:34:47 Europe/Berlin] Email sending failed: Failed to send email notification
[14-Jun-2025 10:46:14 Europe/Berlin] API Request: /RongVang/api/register
[14-Jun-2025 10:46:14 Europe/Berlin] POST data: Array
(
    [student_name] => Dung
    [nick_name] => Bé
    [age] => 1
    [parent_name] => Minh
    [phone] => 0839395292
    [address] => haohahdsa
    [content] => ádhasjkda
)

[14-Jun-2025 10:46:14 Europe/Berlin] Database connection successful
[14-Jun-2025 10:46:14 Europe/Berlin] Mailer initialized successfully
[14-Jun-2025 10:46:14 Europe/Berlin] Received POST data: Array
(
    [student_name] => Dung
    [nick_name] => Bé
    [age] => 1
    [parent_name] => Minh
    [phone] => 0839395292
    [address] => haohahdsa
    [content] => ádhasjkda
)

[14-Jun-2025 10:46:14 Europe/Berlin] Preparing to send registration notification email
[14-Jun-2025 10:46:17 Europe/Berlin] Send Email Error: SMTP Error: Could not authenticate.
[14-Jun-2025 10:46:17 Europe/Berlin] Email sending failed: Failed to send email notification
[14-Jun-2025 10:56:54 Europe/Berlin] API Request: /RongVang/api/register
[14-Jun-2025 10:56:54 Europe/Berlin] POST data: Array
(
    [student_name] => mới nhât
    [nick_name] => mới nè
    [age] => 5
    [parent_name] => minh
    [phone] => 0363365297
    [address] => ákjdgkjsad
    [content] => adhasjkdhasjk

)

[14-Jun-2025 10:56:54 Europe/Berlin] Database connection successful
[14-Jun-2025 10:56:54 Europe/Berlin] Mailer initialized successfully
[14-Jun-2025 10:56:54 Europe/Berlin] Received POST data: Array
(
    [student_name] => mới nhât
    [nick_name] => mới nè
    [age] => 5
    [parent_name] => minh
    [phone] => 0363365297
    [address] => ákjdgkjsad
    [content] => adhasjkdhasjk

)

[14-Jun-2025 10:56:54 Europe/Berlin] Preparing to send registration notification email
[14-Jun-2025 10:56:59 Europe/Berlin] Registration notification email sent successfully
[14-Jun-2025 10:59:01 Europe/Berlin] API Request: /RongVang/api/register
[14-Jun-2025 10:59:01 Europe/Berlin] POST data: Array
(
    [student_name] => thông báo mới
    [nick_name] => notifice
    [age] => 4
    [parent_name] => minh
    [phone] => 0698953725
    [address] => sgjds
    [content] => áhdjkasd
)

[14-Jun-2025 10:59:01 Europe/Berlin] Database connection successful
[14-Jun-2025 10:59:01 Europe/Berlin] Mailer initialized successfully
[14-Jun-2025 10:59:01 Europe/Berlin] Received POST data: Array
(
    [student_name] => thông báo mới
    [nick_name] => notifice
    [age] => 4
    [parent_name] => minh
    [phone] => 0698953725
    [address] => sgjds
    [content] => áhdjkasd
)

[14-Jun-2025 10:59:01 Europe/Berlin] Preparing to send registration notification email
[14-Jun-2025 10:59:06 Europe/Berlin] Registration notification email sent successfully
[14-Jun-2025 11:02:29 Europe/Berlin] API Request: /RongVang/api/register
[14-Jun-2025 11:02:29 Europe/Berlin] POST data: Array
(
    [student_name] => liên hệ
    [nick_name] => trang ;iên hệ
    [age] => 5
    [parent_name] => hshshahs
    [phone] => 0342975334
    [address] => bjsaaadjkhsajk
    [content] => ạkdhasjkdk
)

[14-Jun-2025 11:02:29 Europe/Berlin] Database connection successful
[14-Jun-2025 11:02:29 Europe/Berlin] Mailer initialized successfully
[14-Jun-2025 11:02:29 Europe/Berlin] Received POST data: Array
(
    [student_name] => liên hệ
    [nick_name] => trang ;iên hệ
    [age] => 5
    [parent_name] => hshshahs
    [phone] => 0342975334
    [address] => bjsaaadjkhsajk
    [content] => ạkdhasjkdk
)

[14-Jun-2025 11:02:29 Europe/Berlin] Preparing to send registration notification email
[14-Jun-2025 11:02:34 Europe/Berlin] Registration notification email sent successfully
[18-Jun-2025 17:54:23 Europe/Berlin] API Request: /RongVang/api/posts.php
[18-Jun-2025 17:54:23 Europe/Berlin] POST data: Array
(
)

[18-Jun-2025 17:54:23 Europe/Berlin] API Error: Invalid endpoint
#0 {main}
[18-Jun-2025 17:57:48 Europe/Berlin] API Request: /RongVang/api/posts.php
[18-Jun-2025 17:57:48 Europe/Berlin] POST data: Array
(
)

[18-Jun-2025 17:57:48 Europe/Berlin] API Error: Invalid endpoint
#0 {main}
[18-Jun-2025 17:57:50 Europe/Berlin] API Request: /RongVang/api/posts.php
[18-Jun-2025 17:57:50 Europe/Berlin] POST data: Array
(
)

[18-Jun-2025 17:57:50 Europe/Berlin] API Error: Invalid endpoint
#0 {main}
[18-Jun-2025 17:58:06 Europe/Berlin] API Request: /RongVang/api/posts.php
[18-Jun-2025 17:58:06 Europe/Berlin] POST data: Array
(
)

[18-Jun-2025 17:58:06 Europe/Berlin] API Error: Invalid endpoint
#0 {main}
[18-Jun-2025 17:59:42 Europe/Berlin] API Request: /RongVang/api/posts.php
[18-Jun-2025 17:59:42 Europe/Berlin] POST data: Array
(
)

[18-Jun-2025 18:05:33 Europe/Berlin] API Request: /RongVang/api/posts.php
[18-Jun-2025 18:05:33 Europe/Berlin] POST data: Array
(
)

[18-Jun-2025 18:09:37 Europe/Berlin] API Request: /RongVang/api/posts.php
[18-Jun-2025 18:09:37 Europe/Berlin] POST data: Array
(
)

[18-Jun-2025 18:29:20 Europe/Berlin] API Request: /RongVang/api/posts.php
[18-Jun-2025 18:29:20 Europe/Berlin] POST data: Array
(
)

[18-Jun-2025 18:31:09 Europe/Berlin] API Request: /RongVang/api/posts.php
[18-Jun-2025 18:31:09 Europe/Berlin] POST data: Array
(
)

[18-Jun-2025 18:31:14 Europe/Berlin] API Request: /RongVang/api/posts.php
[18-Jun-2025 18:31:14 Europe/Berlin] POST data: Array
(
)

[18-Jun-2025 18:40:36 Europe/Berlin] API Request: /RongVang/api/posts.php
[18-Jun-2025 18:40:36 Europe/Berlin] POST data: Array
(
)

[18-Jun-2025 18:40:48 Europe/Berlin] API Request: /RongVang/api/posts.php
[18-Jun-2025 18:40:48 Europe/Berlin] POST data: Array
(
)

[18-Jun-2025 18:42:25 Europe/Berlin] API Request: /RongVang/api/posts.php
[18-Jun-2025 18:42:25 Europe/Berlin] POST data: Array
(
)

[18-Jun-2025 18:44:38 Europe/Berlin] API Request: /RongVang/api/posts.php
[18-Jun-2025 18:44:38 Europe/Berlin] POST data: Array
(
)

[18-Jun-2025 18:45:29 Europe/Berlin] API Request: /RongVang/api/posts.php
[18-Jun-2025 18:45:29 Europe/Berlin] POST data: Array
(
)

[18-Jun-2025 18:45:29 Europe/Berlin] Received headers: Array
(
    [Host] => a873-1-55-80-35.ngrok-free.app
    [User-Agent] => PostmanRuntime/7.43.2
    [Content-Length] => 96
    [Accept] => */*
    [Accept-Encoding] => gzip, deflate, br
    [Content-Type] => application/json
    [Postman-Token] => e17d5783-c9d1-45fa-a895-fd82b3fac5ac
    [X-Api-Key] => hoangminhdeptraicodegioihehe
    [X-Forwarded-For] => 1.55.80.35
    [X-Forwarded-Host] => a873-1-55-80-35.ngrok-free.app
    [X-Forwarded-Proto] => https
)

[18-Jun-2025 18:45:29 Europe/Berlin] Expected API key: hoangminhdeptraicodegioihehe
[18-Jun-2025 18:45:29 Europe/Berlin] Received API key: 
[18-Jun-2025 18:48:30 Europe/Berlin] API Request: /RongVang/api/posts.php
[18-Jun-2025 18:48:30 Europe/Berlin] POST data: Array
(
)

[18-Jun-2025 18:48:30 Europe/Berlin] === API Key Validation Debug ===
[18-Jun-2025 18:48:30 Europe/Berlin] All headers received: Array
(
    [Host] => a873-1-55-80-35.ngrok-free.app
    [User-Agent] => PostmanRuntime/7.43.2
    [Content-Length] => 106
    [Accept] => */*
    [Accept-Encoding] => gzip, deflate, br
    [Content-Type] => application/json
    [Postman-Token] => a1d874f2-fec9-489f-a50c-1bd8def8ce6f
    [X-Api-Key] => hoangminhdeptraicodegioihehe
    [X-Forwarded-For] => 1.55.80.35
    [X-Forwarded-Host] => a873-1-55-80-35.ngrok-free.app
    [X-Forwarded-Proto] => https
)

[18-Jun-2025 18:48:30 Europe/Berlin] Expected API key: 'hoangminhdeptraicodegioihehe'
[18-Jun-2025 18:48:30 Europe/Berlin] X-API-Key header not found
[18-Jun-2025 18:48:30 Europe/Berlin] Available headers: Host, User-Agent, Content-Length, Accept, Accept-Encoding, Content-Type, Postman-Token, X-Api-Key, X-Forwarded-For, X-Forwarded-Host, X-Forwarded-Proto
[18-Jun-2025 18:52:43 Europe/Berlin] API Request: /RongVang/api/posts.php
[18-Jun-2025 18:52:43 Europe/Berlin] POST data: Array
(
)

[18-Jun-2025 19:06:20 Europe/Berlin] API Request: /RongVang/api/posts.php
[18-Jun-2025 19:06:20 Europe/Berlin] POST data: Array
(
)

[18-Jun-2025 19:06:20 Europe/Berlin] Database connection successful
[18-Jun-2025 19:07:54 Europe/Berlin] API Request: /RongVang/api/posts.php
[18-Jun-2025 19:07:54 Europe/Berlin] POST data: Array
(
)

[18-Jun-2025 19:07:55 Europe/Berlin] Database connection successful
[18-Jun-2025 19:10:37 Europe/Berlin] API Request: /RongVang/api/posts.php
[18-Jun-2025 19:10:37 Europe/Berlin] POST data: Array
(
)

[18-Jun-2025 19:10:38 Europe/Berlin] Database connection successful
[23-Jun-2025 16:29:47 Europe/Berlin] API Request: /RongVang/api/register
[23-Jun-2025 16:29:47 Europe/Berlin] POST data: Array
(
)

[23-Jun-2025 16:29:47 Europe/Berlin] Database connection successful
[23-Jun-2025 16:29:47 Europe/Berlin] Mailer initialized successfully
[23-Jun-2025 16:29:47 Europe/Berlin] Error [8192] Constant FILTER_SANITIZE_STRING is deprecated on line 45 in file C:\xampp\htdocs\RongVang\controllers\RegistrationController.php
[23-Jun-2025 16:29:51 Europe/Berlin] API Request: /RongVang/api/register
[23-Jun-2025 16:29:51 Europe/Berlin] POST data: Array
(
)

[23-Jun-2025 16:29:51 Europe/Berlin] Database connection successful
[23-Jun-2025 16:29:51 Europe/Berlin] Mailer initialized successfully
[23-Jun-2025 16:29:51 Europe/Berlin] Error [8192] Constant FILTER_SANITIZE_STRING is deprecated on line 45 in file C:\xampp\htdocs\RongVang\controllers\RegistrationController.php
[23-Jun-2025 16:29:51 Europe/Berlin] API Request: /RongVang/api/register
[23-Jun-2025 16:29:51 Europe/Berlin] POST data: Array
(
)

[23-Jun-2025 16:29:52 Europe/Berlin] Database connection successful
[23-Jun-2025 16:29:52 Europe/Berlin] Mailer initialized successfully
[23-Jun-2025 16:29:52 Europe/Berlin] Error [8192] Constant FILTER_SANITIZE_STRING is deprecated on line 45 in file C:\xampp\htdocs\RongVang\controllers\RegistrationController.php
[23-Jun-2025 16:29:52 Europe/Berlin] API Request: /RongVang/api/register
[23-Jun-2025 16:29:52 Europe/Berlin] POST data: Array
(
)

[23-Jun-2025 16:29:52 Europe/Berlin] Database connection successful
[23-Jun-2025 16:29:52 Europe/Berlin] Mailer initialized successfully
[23-Jun-2025 16:29:52 Europe/Berlin] Error [8192] Constant FILTER_SANITIZE_STRING is deprecated on line 45 in file C:\xampp\htdocs\RongVang\controllers\RegistrationController.php
[23-Jun-2025 16:41:35 Europe/Berlin] API Request: /RongVang/api/register
[23-Jun-2025 16:41:35 Europe/Berlin] POST data: Array
(
    [student_name] => dsadas
    [nick_name] => adsads
    [age] => 2
    [parent_name] => hshshahs
    [phone] => 0839395292
    [address] => minh's heart
    [content] => adsads
)

[23-Jun-2025 16:41:35 Europe/Berlin] Database connection successful
[23-Jun-2025 16:41:35 Europe/Berlin] Mailer initialized successfully
[23-Jun-2025 16:41:35 Europe/Berlin] Registration Error: Invalid JSON data received
[24-Jun-2025 15:45:30 Europe/Berlin] API Request: /RongVang/api/register
[24-Jun-2025 15:45:30 Europe/Berlin] POST data: Array
(
    [student_name] => dung
    [nick_name] => bé
    [age] => 2
    [parent_name] => HTH
    [phone] => 0839993935
    [address] => ads
    [content] => dsa
)

[24-Jun-2025 15:45:30 Europe/Berlin] Database connection successful
[24-Jun-2025 15:45:30 Europe/Berlin] Mailer initialized successfully
[24-Jun-2025 15:45:30 Europe/Berlin] Registration Error: Invalid JSON data received
[25-Jun-2025 15:04:29 Europe/Berlin] API Request: /RongVang/api/register
[25-Jun-2025 15:04:29 Europe/Berlin] POST data: Array
(
)

[25-Jun-2025 15:04:29 Europe/Berlin] Database connection successful
[25-Jun-2025 15:04:29 Europe/Berlin] Mailer initialized successfully
[25-Jun-2025 15:04:29 Europe/Berlin] Error [8192] Constant FILTER_SANITIZE_STRING is deprecated on line 45 in file C:\xampp\htdocs\RongVang\controllers\RegistrationController.php
[25-Jun-2025 15:04:49 Europe/Berlin] API Request: /RongVang/api/register
[25-Jun-2025 15:04:49 Europe/Berlin] POST data: Array
(
    [student_name] => dung
    [nick_name] => bé
    [age] => 1
    [parent_name] => ád
    [phone] => 0839993935
    [address] => dsa
    [content] => sad
)

[25-Jun-2025 15:04:49 Europe/Berlin] Database connection successful
[25-Jun-2025 15:04:49 Europe/Berlin] Mailer initialized successfully
[25-Jun-2025 15:04:49 Europe/Berlin] Registration Error: Invalid JSON data received
[25-Jun-2025 15:05:26 Europe/Berlin] API Request: /RongVang/api/register
[25-Jun-2025 15:05:26 Europe/Berlin] POST data: Array
(
    [student_name] => dung
    [nick_name] => be 
    [age] => 1
    [parent_name] => minh
    [phone] => 0839993935
    [address] => 1999
    [content] => sda
)

[25-Jun-2025 15:05:26 Europe/Berlin] Database connection successful
[25-Jun-2025 15:05:26 Europe/Berlin] Mailer initialized successfully
[25-Jun-2025 15:05:26 Europe/Berlin] Registration Error: Invalid JSON data received
[25-Jun-2025 15:05:33 Europe/Berlin] API Request: /RongVang/api/register
[25-Jun-2025 15:05:33 Europe/Berlin] POST data: Array
(
    [student_name] => dung
    [nick_name] => be 
    [age] => 2
    [parent_name] => minh
    [phone] => 0839993935
    [address] => 1999
    [content] => sda
)

[25-Jun-2025 15:05:33 Europe/Berlin] Database connection successful
[25-Jun-2025 15:05:33 Europe/Berlin] Mailer initialized successfully
[25-Jun-2025 15:05:33 Europe/Berlin] Registration Error: Invalid JSON data received
[25-Jun-2025 15:05:36 Europe/Berlin] API Request: /RongVang/api/register
[25-Jun-2025 15:05:36 Europe/Berlin] POST data: Array
(
    [student_name] => dung
    [nick_name] => be 
    [age] => 2
    [parent_name] => minh
    [phone] => 0839993935
    [address] => 1999
    [content] => sda
)

[25-Jun-2025 15:05:36 Europe/Berlin] Database connection successful
[25-Jun-2025 15:05:36 Europe/Berlin] Mailer initialized successfully
[25-Jun-2025 15:05:36 Europe/Berlin] Registration Error: Invalid JSON data received
[25-Jun-2025 15:08:47 Europe/Berlin] API Request: /RongVang/api/register
[25-Jun-2025 15:08:47 Europe/Berlin] POST data: Array
(
    [student_name] => dung
    [nick_name] => ve
    [age] => 1
    [parent_name] => ád
    [phone] => 1231654622
    [address] => 420 
    [content] => ads
)

[25-Jun-2025 15:08:47 Europe/Berlin] Database connection successful
[25-Jun-2025 15:08:47 Europe/Berlin] Mailer initialized successfully
[25-Jun-2025 15:08:47 Europe/Berlin] Error [8192] Constant FILTER_SANITIZE_STRING is deprecated on line 50 in file C:\xampp\htdocs\RongVang\controllers\RegistrationController.php
[25-Jun-2025 15:11:18 Europe/Berlin] API Request: /RongVang/api/register
[25-Jun-2025 15:11:18 Europe/Berlin] POST data: Array
(
    [student_name] => dung
    [nick_name] => bé
    [age] => 2
    [parent_name] => HTH
    [phone] => 0839369595
    [address] => sad
    [content] => sad
)

[25-Jun-2025 15:11:18 Europe/Berlin] Database connection successful
[25-Jun-2025 15:11:18 Europe/Berlin] Mailer initialized successfully
[25-Jun-2025 15:11:18 Europe/Berlin] Error [8192] Constant FILTER_SANITIZE_STRING is deprecated on line 54 in file C:\xampp\htdocs\RongVang\controllers\RegistrationController.php
[25-Jun-2025 15:13:24 Europe/Berlin] API Request: /RongVang/api/register
[25-Jun-2025 15:13:24 Europe/Berlin] POST data: Array
(
    [student_name] => dung
    [nick_name] => bé
    [age] => 2
    [parent_name] => hshshahs
    [phone] => 0839993935
    [address] => sd
    [content] => sda
)

[25-Jun-2025 15:13:24 Europe/Berlin] Database connection successful
[25-Jun-2025 15:13:24 Europe/Berlin] Mailer initialized successfully
[25-Jun-2025 15:13:24 Europe/Berlin] Preparing to send registration notification email
[25-Jun-2025 15:13:29 Europe/Berlin] Registration notification email sent successfully
[25-Jun-2025 15:14:02 Europe/Berlin] API Request: /RongVang/api/register
[25-Jun-2025 15:14:02 Europe/Berlin] POST data: Array
(
)

[25-Jun-2025 15:14:02 Europe/Berlin] Database connection successful
[25-Jun-2025 15:14:02 Europe/Berlin] Mailer initialized successfully
[25-Jun-2025 15:14:02 Europe/Berlin] Preparing to send registration notification email
[25-Jun-2025 15:14:07 Europe/Berlin] Registration notification email sent successfully
[25-Jun-2025 15:14:29 Europe/Berlin] API Request: /RongVang/api/register
[25-Jun-2025 15:14:29 Europe/Berlin] POST data: Array
(
    [student_name] => liên hê
    [nick_name] => dsa
    [age] => 2
    [parent_name] => hshshahs
    [phone] => 1231654623
    [address] => 18dong do
    [content] => sad
)

[25-Jun-2025 15:14:29 Europe/Berlin] Database connection successful
[25-Jun-2025 15:14:29 Europe/Berlin] Mailer initialized successfully
[25-Jun-2025 15:14:29 Europe/Berlin] Registration Error: Số điện thoại không hợp lệ.
[25-Jun-2025 15:14:31 Europe/Berlin] API Request: /RongVang/api/register
[25-Jun-2025 15:14:31 Europe/Berlin] POST data: Array
(
    [student_name] => liên hê
    [nick_name] => dsa
    [age] => 2
    [parent_name] => hshshahs
    [phone] => 1231654623
    [address] => 18dong do
    [content] => sad
)

[25-Jun-2025 15:14:31 Europe/Berlin] Database connection successful
[25-Jun-2025 15:14:31 Europe/Berlin] Mailer initialized successfully
[25-Jun-2025 15:14:31 Europe/Berlin] Registration Error: Số điện thoại không hợp lệ.
[25-Jun-2025 15:14:38 Europe/Berlin] API Request: /RongVang/api/register
[25-Jun-2025 15:14:38 Europe/Berlin] POST data: Array
(
    [student_name] => liên hê
    [nick_name] => dsa
    [age] => 2
    [parent_name] => hshshahs
    [phone] => 0839395292
    [address] => 18dong do
    [content] => sad
)

[25-Jun-2025 15:14:38 Europe/Berlin] Database connection successful
[25-Jun-2025 15:14:38 Europe/Berlin] Mailer initialized successfully
[25-Jun-2025 15:14:38 Europe/Berlin] Preparing to send registration notification email
[25-Jun-2025 15:14:42 Europe/Berlin] Registration notification email sent successfully
